<?xml version="1.0" encoding="UTF-8"?>
<!-- Generated by org.testng.reporters.JUnitReportReporter -->
<testsuite hostname="DESKTOP-K95COS7" failures="0" tests="2" name="Test.NewTest" time="9.412" errors="0" timestamp="16 Jul 2020 05:44:12 GMT" skipped="0">
  <testcase classname="Test.NewTest" name="Login" time="8.100"/>
  <testcase classname="Test.NewTest" name="Logout" time="1.312"/>
</testsuite> <!-- Test.NewTest -->
